<?xml version="1.0" encoding="UTF-8"?>
<testng-results skipped="0" failed="0" ignored="0" total="1" passed="1">
  <reporter-output>
  </reporter-output>
  <suite name="WebDriver" duration-ms="10757" started-at="2020-08-12T02:00:02Z" finished-at="2020-08-12T02:00:13Z">
    <groups>
    </groups>
    <test name="Test" duration-ms="10757" started-at="2020-08-12T02:00:02Z" finished-at="2020-08-12T02:00:13Z">
      <class name="testNG.tc1">
        <test-method status="PASS" signature="launch()[pri:0, instance:testNG.tc1@28d25987]" name="launch" is-config="true" duration-ms="9648" started-at="2020-08-12T02:00:02Z" finished-at="2020-08-12T02:00:12Z">
          <reporter-output>
          </reporter-output>
        </test-method> <!-- launch -->
        <test-method status="PASS" signature="verfiy()[pri:0, instance:testNG.tc1@28d25987]" name="verfiy" duration-ms="398" started-at="2020-08-12T02:00:12Z" finished-at="2020-08-12T02:00:12Z">
          <reporter-output>
          </reporter-output>
        </test-method> <!-- verfiy -->
        <test-method status="PASS" signature="close()[pri:0, instance:testNG.tc1@28d25987]" name="close" is-config="true" duration-ms="583" started-at="2020-08-12T02:00:12Z" finished-at="2020-08-12T02:00:13Z">
          <reporter-output>
          </reporter-output>
        </test-method> <!-- close -->
      </class> <!-- testNG.tc1 -->
    </test> <!-- Test -->
  </suite> <!-- WebDriver -->
</testng-results>
